<?xml version="1.0" encoding="UTF-8"?>
<testsuite name="evaluations.level3.HandleCustomExceptionsTest" tests="1" skipped="0" failures="0" errors="0" timestamp="2025-05-10T17:33:31" hostname="DESKTOP-TUURA6M" time="0.026">
  <properties/>
  <testcase name="testInsufficientFundsException()" classname="evaluations.level3.HandleCustomExceptionsTest" time="0.026"/>
  <system-out><![CDATA[]]></system-out>
  <system-err><![CDATA[]]></system-err>
</testsuite>
