<?xml version="1.0" encoding="UTF-8"?>
<testsuite name="evaluations.level3.InsufficientFundsExceptionTest" tests="1" skipped="0" failures="0" errors="0" timestamp="2025-05-10T17:33:31" hostname="DESKTOP-TUURA6M" time="0.002">
  <properties/>
  <testcase name="testInsufficientFundsException()" classname="evaluations.level3.InsufficientFundsExceptionTest" time="0.002"/>
  <system-out><![CDATA[]]></system-out>
  <system-err><![CDATA[]]></system-err>
</testsuite>
